<?xml version="1.0" encoding="UTF-8" ?>
<testsuite errors="1" failures="0" hostname="PC-20171217XVBO" name="main.test.OpenIdTest" skipped="0" tests="1" time="0.052" timestamp="2018-03-14T09:32:45">
  <properties>
[...]
</properties>
  <testcase classname="main.test.OpenIdTest" name="initializationError" time="0.005">
    <error message="No runnable methods" type="java.lang.Exception">java.lang.Exception: No runnable methods
	at java.lang.reflect.Constructor.newInstance(Constructor.java:423)
</error>
  </testcase>
  <system-out><![CDATA[]]></system-out>
  <system-err><![CDATA[]]></system-err>
</testsuite>
